2025-02-11T13:24:54+00:00 DEBUG POST: https://ads.tiktok.com/marketing_api/api/developer/app/create_auto_approve/

{"business_platform":"PROD","smb_id":"tt4b_woocommerce_67ab4fa682686httpcm2-test-01localwp-admin","smb_name":"PROD","redirect_url":"http:\/\/cm2-test-01.local\/wp-admin\/"}
 ajax: no
2025-02-11T13:24:55+00:00 DEBUG Tt4b_Mapi_Class::create_open_source_app: Response: 

HTTP/1.1 200 OK
Content-Type: application/json
X-Tt-Logid: 202502111324530CB355BF554C1BE41557,202502111324530CB355BF554C1BE41557
Strict-Transport-Security: max-age=31536000; includeSubDomains
x-tt-trace-host: 0102aaebb1b5ff85466ceec51eec76e1fa9819d8e69e4140a6590931b6bd5ab1313cf6a52a26fb1fad1c197f083d50e704dd953f174891e1fb4cbb97e5d0d912a1bc6f130d0dd72e2ea2e08ce9ca52b10749c7649a6fce47b3e8559dfc4ced70a4404f0d9c4f66510908e08e43e00ea9ae
x-tt-trace-id: 00-2502111324530CB355BF554C1BE41557-0924A7FE2818BCD1-00
Server: TLB
Content-Encoding: gzip
Content-Length: 207
X-Origin-Response-Time: 161,23.2.16.144
X-Akamai-Request-ID: 1698f30c.fa1f3677
Date: Tue, 11 Feb 2025 13:24:55 GMT
X-Cache: TCP_MISS from a23-53-4-13.deploy.akamaitechnologies.com (AkamaiGHost/11.8.2-cebd4885bf42ba1e815e293c69ad1d4a) (-)
Connection: close
Vary: Accept-Encoding
X-Cache-Remote: TCP_MISS from a23-2-16-144.deploy.akamaitechnologies.com (AkamaiGHost/11.8.2-cebd4885bf42ba1e815e293c69ad1d4a) (-)
x-tt-trace-tag: id=16;cdn-cache=miss;type=dyn
Server-Timing: cdn-cache; desc=MISS, edge; dur=262, origin; dur=160
Server-Timing: inner; dur=123
X-Parent-Response-Time: 410,23.53.4.13

{"code":0,"msg":"ok","data":{"external_data_key":"c696f879-898e-468c-b689-726329f80d49","app_id":"7470151984675454993","redirect_uri":"http:\/\/cm2-test-01.local\/wp-admin\/","app_secret":"30a17d37a1a3418912d553b8790f778d0802371d"}}
